[debug] [2021-03-11T07:01:55.033Z] ----------------------------------------------------------------------
[debug] [2021-03-11T07:01:55.036Z] Command:       /home/milselarch/.nvm/versions/node/v14.16.0/bin/node /usr/local/bin/firebase deploy
[debug] [2021-03-11T07:01:55.037Z] CLI Version:   9.6.0
[debug] [2021-03-11T07:01:55.037Z] Platform:      linux
[debug] [2021-03-11T07:01:55.037Z] Node Version:  v14.16.0
[debug] [2021-03-11T07:01:55.038Z] Time:          Thu Mar 11 2021 15:01:55 GMT+0800 (Singapore Standard Time)
[debug] [2021-03-11T07:01:55.038Z] ----------------------------------------------------------------------
[debug] [2021-03-11T07:01:55.038Z] 
[debug] [2021-03-11T07:01:55.053Z] > command requires scopes: ["email","openid","https://www.googleapis.com/auth/cloudplatformprojects.readonly","https://www.googleapis.com/auth/firebase","https://www.googleapis.com/auth/cloud-platform"]
[debug] [2021-03-11T07:01:55.054Z] > authorizing via signed-in user
[debug] [2021-03-11T07:01:55.054Z] [iam] checking project binance-gold for permissions ["firebase.projects.get","firebasehosting.sites.update"]
[debug] [2021-03-11T07:01:55.057Z] > refreshing access token with scopes: ["email","https://www.googleapis.com/auth/cloud-platform","https://www.googleapis.com/auth/cloudplatformprojects.readonly","https://www.googleapis.com/auth/firebase","openid"]
[debug] [2021-03-11T07:01:55.057Z] >>> HTTP REQUEST POST https://www.googleapis.com/oauth2/v3/token  
 <request body omitted>
[debug] [2021-03-11T07:01:55.217Z] <<< HTTP RESPONSE 200 {"date":"Thu, 11 Mar 2021 07:01:55 GMT","expires":"Mon, 01 Jan 1990 00:00:00 GMT","cache-control":"no-cache, no-store, max-age=0, must-revalidate","pragma":"no-cache","content-type":"application/json; charset=utf-8","vary":"X-Origin, Referer, Origin,Accept-Encoding","server":"scaffolding on HTTPServer2","x-xss-protection":"0","x-frame-options":"SAMEORIGIN","x-content-type-options":"nosniff","alt-svc":"h3-29=\":443\"; ma=2592000,h3-T051=\":443\"; ma=2592000,h3-Q050=\":443\"; ma=2592000,h3-Q046=\":443\"; ma=2592000,h3-Q043=\":443\"; ma=2592000,quic=\":443\"; ma=2592000; v=\"46,43\"","accept-ranges":"none","transfer-encoding":"chunked"}
[debug] [2021-03-11T07:01:55.236Z] >>> HTTP REQUEST POST https://cloudresourcemanager.googleapis.com/v1/projects/binance-gold:testIamPermissions  
 {"permissions":["firebase.projects.get","firebasehosting.sites.update"]}
[debug] [2021-03-11T07:01:56.315Z] <<< HTTP RESPONSE 200 {"content-type":"application/json; charset=UTF-8","vary":"X-Origin, Referer, Origin,Accept-Encoding","date":"Thu, 11 Mar 2021 07:01:56 GMT","server":"ESF","cache-control":"private","x-xss-protection":"0","x-frame-options":"SAMEORIGIN","x-content-type-options":"nosniff","server-timing":"gfet4t7; dur=968","alt-svc":"h3-29=\":443\"; ma=2592000,h3-T051=\":443\"; ma=2592000,h3-Q050=\":443\"; ma=2592000,h3-Q046=\":443\"; ma=2592000,h3-Q043=\":443\"; ma=2592000,quic=\":443\"; ma=2592000; v=\"46,43\"","accept-ranges":"none","transfer-encoding":"chunked"}
[debug] [2021-03-11T07:01:56.321Z] > refreshing access token with scopes: []
[debug] [2021-03-11T07:01:56.322Z] >>> HTTP REQUEST POST https://www.googleapis.com/oauth2/v3/token  
 <request body omitted>
[debug] [2021-03-11T07:01:56.379Z] <<< HTTP RESPONSE 200 {"expires":"Mon, 01 Jan 1990 00:00:00 GMT","cache-control":"no-cache, no-store, max-age=0, must-revalidate","pragma":"no-cache","date":"Thu, 11 Mar 2021 07:01:56 GMT","content-type":"application/json; charset=utf-8","vary":"X-Origin, Referer, Origin,Accept-Encoding","server":"scaffolding on HTTPServer2","x-xss-protection":"0","x-frame-options":"SAMEORIGIN","x-content-type-options":"nosniff","alt-svc":"h3-29=\":443\"; ma=2592000,h3-T051=\":443\"; ma=2592000,h3-Q050=\":443\"; ma=2592000,h3-Q046=\":443\"; ma=2592000,h3-Q043=\":443\"; ma=2592000,quic=\":443\"; ma=2592000; v=\"46,43\"","accept-ranges":"none","transfer-encoding":"chunked"}
[debug] [2021-03-11T07:01:56.392Z] >>> [apiv2][query] GET https://firebase.googleapis.com/v1beta1/projects/binance-gold [none]
[debug] [2021-03-11T07:01:56.670Z] <<< [apiv2][status] GET https://firebase.googleapis.com/v1beta1/projects/binance-gold 200
[debug] [2021-03-11T07:01:56.670Z] <<< [apiv2][body] GET https://firebase.googleapis.com/v1beta1/projects/binance-gold {"projectId":"binance-gold","projectNumber":"646534721114","displayName":"binance-gold","name":"projects/binance-gold","resources":{"hostingSite":"binance-gold"},"state":"ACTIVE"}
[info] 
[info] === Deploying to 'binance-gold'...
[info] 
[info] i  deploying hosting 
[debug] [2021-03-11T07:01:56.682Z] > refreshing access token with scopes: ["email","https://www.googleapis.com/auth/cloud-platform","https://www.googleapis.com/auth/cloudplatformprojects.readonly","https://www.googleapis.com/auth/firebase","openid"]
[debug] [2021-03-11T07:01:56.683Z] >>> HTTP REQUEST POST https://www.googleapis.com/oauth2/v3/token  
 <request body omitted>
[debug] [2021-03-11T07:01:56.728Z] <<< HTTP RESPONSE 200 {"date":"Thu, 11 Mar 2021 07:01:56 GMT","cache-control":"no-cache, no-store, max-age=0, must-revalidate","expires":"Mon, 01 Jan 1990 00:00:00 GMT","pragma":"no-cache","content-type":"application/json; charset=utf-8","vary":"X-Origin, Referer, Origin,Accept-Encoding","server":"scaffolding on HTTPServer2","x-xss-protection":"0","x-frame-options":"SAMEORIGIN","x-content-type-options":"nosniff","alt-svc":"h3-29=\":443\"; ma=2592000,h3-T051=\":443\"; ma=2592000,h3-Q050=\":443\"; ma=2592000,h3-Q046=\":443\"; ma=2592000,h3-Q043=\":443\"; ma=2592000,quic=\":443\"; ma=2592000; v=\"46,43\"","accept-ranges":"none","transfer-encoding":"chunked"}
[debug] [2021-03-11T07:01:56.787Z] >>> HTTP REQUEST POST https://firebasehosting.googleapis.com/v1beta1/sites/binance-gold/versions  
 {"config":{"rewrites":[{"glob":"**","path":"/index.html"}]},"labels":{"deployment-tool":"cli-firebase"}}
